  ConsoleApplication1.cpp
C:\Users\vboxuser\source\repos\plist\ConsoleApplication1\ConsoleApplication1.cpp(608,48): warning C4477: 'printf' : la chaîne de format '%i' nécessite un argument de type 'int', mais l'argument variadique 1 est de type '_SYSTEM_THREAD_INFORMATION *'
C:\Users\vboxuser\source\repos\plist\ConsoleApplication1\ConsoleApplication1.cpp(608,48): warning C4313: 'printf' : '%i' dans la chaîne de format est en conflit avec l'argument 1 de type '_SYSTEM_THREAD_INFORMATION *'.
C:\Users\vboxuser\source\repos\plist\ConsoleApplication1\ConsoleApplication1.cpp(672,56): warning C4477: 'printf' : la chaîne de format '%p' nécessite un argument de type 'void *', mais l'argument variadique 1 est de type 'int'
C:\Users\vboxuser\source\repos\plist\ConsoleApplication1\ConsoleApplication1.cpp(672,56): warning C4313: 'printf' : '%p' dans la chaîne de format est en conflit avec l'argument 1 de type 'int'.
C:\Users\vboxuser\source\repos\plist\ConsoleApplication1\ConsoleApplication1.cpp(376,38): warning C4101: 'LEN' : variable locale non référencée
C:\Users\vboxuser\source\repos\plist\ConsoleApplication1\ConsoleApplication1.cpp(374,37): warning C4101: 'cmd' : variable locale non référencée
C:\Users\vboxuser\source\repos\plist\ConsoleApplication1\ConsoleApplication1.cpp(365,20): warning C4101: 'commandLine' : variable locale non référencée
C:\Users\vboxuser\source\repos\plist\ConsoleApplication1\ConsoleApplication1.cpp(363,11): warning C4101: 'pebAddress' : variable locale non référencée
C:\Users\vboxuser\source\repos\plist\ConsoleApplication1\ConsoleApplication1.cpp(366,12): warning C4101: 'commandLineContents' : variable locale non référencée
C:\Users\vboxuser\source\repos\plist\ConsoleApplication1\ConsoleApplication1.cpp(378,38): warning C4101: 'UNICODE_STR' : variable locale non référencée
C:\Users\vboxuser\source\repos\plist\ConsoleApplication1\ConsoleApplication1.cpp(382,37): warning C4101: 'Lbuff' : variable locale non référencée
C:\Users\vboxuser\source\repos\plist\ConsoleApplication1\ConsoleApplication1.cpp(380,37): warning C4101: 'test' : variable locale non référencée
C:\Users\vboxuser\source\repos\plist\ConsoleApplication1\ConsoleApplication1.cpp(364,11): warning C4101: 'rtlUserProcParamsAddress' : variable locale non référencée
C:\Users\vboxuser\source\repos\plist\ConsoleApplication1\ConsoleApplication1.cpp(526,19): warning C4101: 'aa' : variable locale non référencée
C:\Users\vboxuser\source\repos\plist\ConsoleApplication1\ConsoleApplication1.cpp(559,36): warning C4101: 'nt_tib' : variable locale non référencée
C:\Users\vboxuser\source\repos\plist\ConsoleApplication1\ConsoleApplication1.cpp(557,39): warning C4101: 'CheckRead' : variable locale non référencée
C:\Users\vboxuser\source\repos\plist\ConsoleApplication1\ConsoleApplication1.cpp(556,54): warning C4101: 'tbi' : variable locale non référencée
C:\Users\vboxuser\source\repos\plist\ConsoleApplication1\ConsoleApplication1.cpp(582,64): warning C4101: 'idk_cpy' : variable locale non référencée
C:\Users\vboxuser\source\repos\plist\ConsoleApplication1\ConsoleApplication1.cpp(585,43): warning C4101: 'state' : variable locale non référencée
  ConsoleApplication1.vcxproj -> C:\Users\vboxuser\source\repos\plist\x64\Debug\ConsoleApplication1.exe
